[2017-01-31 02:15:45,391] INFO   [com.snapdeal.monetization.base.queue.producer.kafka.KafkaProducerV2] [69] [QuartzScheduler_Worker-1]: broker IPs are 10.41.57.90:9092 
[2017-01-31 02:15:45,405] INFO   [com.snapdeal.monetization.base.queue.producer.kafka.KafkaProducerV2] [87] [QuartzScheduler_Worker-1]: Initialized Kafka Producer with properties {retries=2, bootstrap.servers=[10.41.57.90:9092], acks=all, retry.backoff.ms=1000, compression.type=none} 
[2017-01-31 02:15:47,786] INFO   [com.snapdeal.monetization.base.queue.producer.kafka.KafkaProducerV2] [105] [QuartzScheduler_Worker-1]: Kafka key 1485809145406 produced at topic-partition-offset::mtz_budget_job_event - 0 - 87 , value:: BudetRuleJobTo [keyName=REMOVE-21-SV, groupName=DEFAULT, jobDataMap={action=REMOVE}] 
[2017-01-31 02:15:47,787] INFO   [com.snapdeal.monetization.base.queue.producer.kafka.KafkaProducerV2] [105] [QuartzScheduler_Worker-5]: Kafka key 1485809146517 produced at topic-partition-offset::mtz_budget_job_event - 0 - 84 , value:: BudetRuleJobTo [keyName=REMOVE-25-SV, groupName=DEFAULT, jobDataMap={action=REMOVE}] 
[2017-01-31 02:15:47,786] INFO   [com.snapdeal.monetization.base.queue.producer.kafka.KafkaProducerV2] [105] [QuartzScheduler_Worker-3]: Kafka key 1485809145911 produced at topic-partition-offset::mtz_budget_job_event - 0 - 86 , value:: BudetRuleJobTo [keyName=REMOVE-23-SV, groupName=DEFAULT, jobDataMap={action=REMOVE}] 
[2017-01-31 02:15:47,787] INFO   [com.snapdeal.monetization.base.queue.producer.kafka.KafkaProducerV2] [105] [QuartzScheduler_Worker-2]: Kafka key 1485809145628 produced at topic-partition-offset::mtz_budget_job_event - 0 - 85 , value:: BudetRuleJobTo [keyName=REMOVE-22-SV, groupName=DEFAULT, jobDataMap={action=REMOVE}] 
[2017-01-31 02:15:47,787] INFO   [com.snapdeal.monetization.base.queue.producer.kafka.KafkaProducerV2] [105] [QuartzScheduler_Worker-4]: Kafka key 1485809146221 produced at topic-partition-offset::mtz_budget_job_event - 0 - 83 , value:: BudetRuleJobTo [keyName=REMOVE-24-SV, groupName=DEFAULT, jobDataMap={action=REMOVE}] 
[2017-01-31 02:15:47,876] INFO   [com.snapdeal.monetization.base.queue.consumer.kafka.KafkaConsumerV2] [123] [kafka-consumer-1]: kafka message found!!! 1485809146221, BudetRuleJobTo [keyName=REMOVE-24-SV, groupName=DEFAULT, jobDataMap={action=REMOVE}] 
[2017-01-31 02:15:47,985] ERROR  [com.snapdeal.monetization.base.queue.consumer.kafka.KafkaConsumerV2] [127] [kafka-consumer-1]: Error in getting stream messages  
java.lang.NullPointerException
	at com.snapdeal.monetization.budget.dao.BudgetRuleDao.getSupcVenorBudgetRuleById(BudgetRuleDao.java:158)
	at com.snapdeal.monetization.budget.service.BudgetRuleService.getSupcVenorBudgetRuleById(BudgetRuleService.java:88)
	at com.snapdeal.monetization.budget.service.BudgetRuleService$$FastClassBySpringCGLIB$$261d5f6c.invoke(<generated>)
	at org.springframework.cglib.proxy.MethodProxy.invoke(MethodProxy.java:204)
	at org.springframework.aop.framework.CglibAopProxy$DynamicAdvisedInterceptor.intercept(CglibAopProxy.java:649)
	at com.snapdeal.monetization.budget.service.BudgetRuleService$$EnhancerBySpringCGLIB$$9f3bf1bc.getSupcVenorBudgetRuleById(<generated>)
	at com.snapdeal.monetization.budget.service.BudgetRuleJobEventHandler.removeRule(BudgetRuleJobEventHandler.java:116)
	at com.snapdeal.monetization.budget.service.BudgetRuleJobEventHandler.handleEvent(BudgetRuleJobEventHandler.java:68)
	at com.snapdeal.monetization.budget.service.BudgetRuleJobEventHandler.handleEvent(BudgetRuleJobEventHandler.java:30)
	at com.snapdeal.monetization.base.queue.consumer.kafka.KafkaConsumerV2$2.run(KafkaConsumerV2.java:124)
	at java.util.concurrent.Executors$RunnableAdapter.call(Executors.java:511)
	at java.util.concurrent.FutureTask.run(FutureTask.java:266)
	at java.util.concurrent.ThreadPoolExecutor.runWorker(ThreadPoolExecutor.java:1142)
	at java.util.concurrent.ThreadPoolExecutor$Worker.run(ThreadPoolExecutor.java:617)
	at java.lang.Thread.run(Thread.java:745)
[2017-01-31 02:15:49,986] INFO   [com.snapdeal.monetization.base.queue.consumer.kafka.KafkaConsumerV2] [123] [kafka-consumer-1]: kafka message found!!! 1485809146517, BudetRuleJobTo [keyName=REMOVE-25-SV, groupName=DEFAULT, jobDataMap={action=REMOVE}] 
[2017-01-31 02:15:49,999] ERROR  [com.snapdeal.monetization.base.queue.consumer.kafka.KafkaConsumerV2] [127] [kafka-consumer-1]: Error in getting stream messages  
java.lang.NullPointerException
	at com.snapdeal.monetization.budget.dao.BudgetRuleDao.getSupcVenorBudgetRuleById(BudgetRuleDao.java:158)
	at com.snapdeal.monetization.budget.service.BudgetRuleService.getSupcVenorBudgetRuleById(BudgetRuleService.java:88)
	at com.snapdeal.monetization.budget.service.BudgetRuleService$$FastClassBySpringCGLIB$$261d5f6c.invoke(<generated>)
	at org.springframework.cglib.proxy.MethodProxy.invoke(MethodProxy.java:204)
	at org.springframework.aop.framework.CglibAopProxy$DynamicAdvisedInterceptor.intercept(CglibAopProxy.java:649)
	at com.snapdeal.monetization.budget.service.BudgetRuleService$$EnhancerBySpringCGLIB$$9f3bf1bc.getSupcVenorBudgetRuleById(<generated>)
	at com.snapdeal.monetization.budget.service.BudgetRuleJobEventHandler.removeRule(BudgetRuleJobEventHandler.java:116)
	at com.snapdeal.monetization.budget.service.BudgetRuleJobEventHandler.handleEvent(BudgetRuleJobEventHandler.java:68)
	at com.snapdeal.monetization.budget.service.BudgetRuleJobEventHandler.handleEvent(BudgetRuleJobEventHandler.java:30)
	at com.snapdeal.monetization.base.queue.consumer.kafka.KafkaConsumerV2$2.run(KafkaConsumerV2.java:124)
	at java.util.concurrent.Executors$RunnableAdapter.call(Executors.java:511)
	at java.util.concurrent.FutureTask.run(FutureTask.java:266)
	at java.util.concurrent.ThreadPoolExecutor.runWorker(ThreadPoolExecutor.java:1142)
	at java.util.concurrent.ThreadPoolExecutor$Worker.run(ThreadPoolExecutor.java:617)
	at java.lang.Thread.run(Thread.java:745)
[2017-01-31 02:15:52,000] INFO   [com.snapdeal.monetization.base.queue.consumer.kafka.KafkaConsumerV2] [123] [kafka-consumer-1]: kafka message found!!! 1485809145628, BudetRuleJobTo [keyName=REMOVE-22-SV, groupName=DEFAULT, jobDataMap={action=REMOVE}] 
[2017-01-31 02:15:52,070] INFO   [com.snapdeal.monetization.base.queue.consumer.kafka.KafkaConsumerV2] [123] [kafka-consumer-1]: kafka message found!!! 1485809145911, BudetRuleJobTo [keyName=REMOVE-23-SV, groupName=DEFAULT, jobDataMap={action=REMOVE}] 
[2017-01-31 02:15:52,086] ERROR  [com.snapdeal.monetization.base.queue.consumer.kafka.KafkaConsumerV2] [127] [kafka-consumer-1]: Error in getting stream messages  
java.lang.NullPointerException
	at com.snapdeal.monetization.budget.dao.BudgetRuleDao.getSupcVenorBudgetRuleById(BudgetRuleDao.java:158)
	at com.snapdeal.monetization.budget.service.BudgetRuleService.getSupcVenorBudgetRuleById(BudgetRuleService.java:88)
	at com.snapdeal.monetization.budget.service.BudgetRuleService$$FastClassBySpringCGLIB$$261d5f6c.invoke(<generated>)
	at org.springframework.cglib.proxy.MethodProxy.invoke(MethodProxy.java:204)
	at org.springframework.aop.framework.CglibAopProxy$DynamicAdvisedInterceptor.intercept(CglibAopProxy.java:649)
	at com.snapdeal.monetization.budget.service.BudgetRuleService$$EnhancerBySpringCGLIB$$9f3bf1bc.getSupcVenorBudgetRuleById(<generated>)
	at com.snapdeal.monetization.budget.service.BudgetRuleJobEventHandler.removeRule(BudgetRuleJobEventHandler.java:116)
	at com.snapdeal.monetization.budget.service.BudgetRuleJobEventHandler.handleEvent(BudgetRuleJobEventHandler.java:68)
	at com.snapdeal.monetization.budget.service.BudgetRuleJobEventHandler.handleEvent(BudgetRuleJobEventHandler.java:30)
	at com.snapdeal.monetization.base.queue.consumer.kafka.KafkaConsumerV2$2.run(KafkaConsumerV2.java:124)
	at java.util.concurrent.Executors$RunnableAdapter.call(Executors.java:511)
	at java.util.concurrent.FutureTask.run(FutureTask.java:266)
	at java.util.concurrent.ThreadPoolExecutor.runWorker(ThreadPoolExecutor.java:1142)
	at java.util.concurrent.ThreadPoolExecutor$Worker.run(ThreadPoolExecutor.java:617)
	at java.lang.Thread.run(Thread.java:745)
[2017-01-31 02:15:54,086] INFO   [com.snapdeal.monetization.base.queue.consumer.kafka.KafkaConsumerV2] [123] [kafka-consumer-1]: kafka message found!!! 1485809145406, BudetRuleJobTo [keyName=REMOVE-21-SV, groupName=DEFAULT, jobDataMap={action=REMOVE}] 
[2017-01-31 11:29:36,083] WARN   [com.snapdeal.monetization.base.aerospike.config.impl.AerospikeConfigurationsImpl] [265] [localhost-startStop-1]: Failed to parse property: ERROR 
[2017-01-31 11:29:36,116] WARN   [com.snapdeal.monetization.base.aerospike.config.impl.AerospikeConfigurationsImpl] [265] [localhost-startStop-1]: Failed to parse property: writePolicy.generationPolicy:ERROR 
[2017-01-31 11:29:36,117] WARN   [com.snapdeal.monetization.base.aerospike.config.impl.AerospikeConfigurationsImpl] [265] [localhost-startStop-1]: Failed to parse property: ERROR 
[2017-01-31 11:29:36,117] WARN   [com.snapdeal.monetization.base.aerospike.config.impl.AerospikeConfigurationsImpl] [265] [localhost-startStop-1]: Failed to parse property: ERROR 
[2017-01-31 11:29:36,118] WARN   [com.snapdeal.monetization.base.aerospike.config.impl.AerospikeConfigurationsImpl] [265] [localhost-startStop-1]: Failed to parse property: ERROR 
[2017-01-31 11:29:36,210] WARN   [com.snapdeal.monetization.base.aerospike.config.impl.AerospikeConfigurationsImpl] [265] [localhost-startStop-1]: Failed to parse property: ERROR 
[2017-01-31 11:29:36,211] WARN   [com.snapdeal.monetization.base.aerospike.config.impl.AerospikeConfigurationsImpl] [265] [localhost-startStop-1]: Failed to parse property: writePolicy.generationPolicy:ERROR 
[2017-01-31 11:29:36,211] WARN   [com.snapdeal.monetization.base.aerospike.config.impl.AerospikeConfigurationsImpl] [265] [localhost-startStop-1]: Failed to parse property: ERROR 
[2017-01-31 11:29:36,212] WARN   [com.snapdeal.monetization.base.aerospike.config.impl.AerospikeConfigurationsImpl] [265] [localhost-startStop-1]: Failed to parse property: ERROR 
[2017-01-31 11:29:36,212] WARN   [com.snapdeal.monetization.base.aerospike.config.impl.AerospikeConfigurationsImpl] [265] [localhost-startStop-1]: Failed to parse property: ERROR 
[2017-01-31 11:29:37,976] INFO   [com.snapdeal.monetization.base.queue.consumer.impl.MonetizationQueueConsumerImpl] [155] [localhost-startStop-1]: Inside _consume_function 
[2017-01-31 11:29:37,978] INFO   [com.snapdeal.monetization.base.queue.consumer.impl.MonetizationQueueConsumerImpl] [167] [localhost-startStop-1]: Topic:::mtz_pa_supcvendor_updates 
[2017-01-31 11:29:37,979] INFO   [com.snapdeal.monetization.base.queue.consumer.impl.MonetizationQueueConsumerImpl] [155] [localhost-startStop-1]: Inside _consume_function 
[2017-01-31 11:29:37,979] INFO   [com.snapdeal.monetization.base.queue.consumer.impl.MonetizationQueueConsumerImpl] [167] [localhost-startStop-1]: Topic:::monetization_pricesimulator_categorychange 
[2017-01-31 11:29:38,016] INFO   [com.snapdeal.monetization.base.queue.consumer.kafka.KafkaConsumerV2] [87] [pool-11-thread-1]: Inside consume. 
[2017-01-31 11:29:38,018] INFO   [com.snapdeal.monetization.base.queue.consumer.kafka.KafkaConsumerV2] [55] [pool-11-thread-1]: inside_initialize_batch::false 
[2017-01-31 11:29:38,016] INFO   [com.snapdeal.monetization.base.queue.consumer.kafka.KafkaConsumerV2] [87] [pool-11-thread-2]: Inside consume. 
[2017-01-31 11:29:38,020] INFO   [com.snapdeal.monetization.base.queue.consumer.kafka.KafkaConsumerV2] [55] [pool-11-thread-2]: inside_initialize_batch::false 
[2017-01-31 11:29:40,759] INFO   [com.snapdeal.monetization.base.queue.consumer.impl.MonetizationQueueConsumerImpl] [155] [localhost-startStop-1]: Inside _consume_function 
[2017-01-31 11:29:40,760] INFO   [com.snapdeal.monetization.base.queue.consumer.impl.MonetizationQueueConsumerImpl] [167] [localhost-startStop-1]: Topic:::mtz_subcat_supc_process_event 
[2017-01-31 11:29:40,772] INFO   [com.snapdeal.monetization.base.queue.consumer.kafka.KafkaConsumerV2] [87] [pool-11-thread-3]: Inside consume. 
[2017-01-31 11:29:40,773] INFO   [com.snapdeal.monetization.base.queue.consumer.kafka.KafkaConsumerV2] [55] [pool-11-thread-3]: inside_initialize_batch::false 
[2017-01-31 11:29:40,842] INFO   [com.snapdeal.monetization.base.queue.consumer.kafka.KafkaConsumer] [71] [localhost-startStop-1]: inside_initialize_batch::false 
[2017-01-31 11:29:41,574] INFO   [com.snapdeal.monetization.base.queue.consumer.kafka.KafkaConsumer] [71] [localhost-startStop-1]: inside_initialize_batch::false 
[2017-01-31 11:29:41,705] INFO   [com.snapdeal.monetization.base.queue.consumer.impl.MonetizationQueueConsumerImpl] [155] [localhost-startStop-1]: Inside _consume_function 
[2017-01-31 11:29:41,705] INFO   [com.snapdeal.monetization.base.queue.consumer.impl.MonetizationQueueConsumerImpl] [167] [localhost-startStop-1]: Topic:::mtz_subcat_supc_process_event 
[2017-01-31 11:29:41,708] INFO   [com.snapdeal.monetization.base.queue.consumer.kafka.KafkaConsumerV2] [87] [pool-11-thread-4]: Inside consume. 
[2017-01-31 11:29:41,708] INFO   [com.snapdeal.monetization.base.queue.consumer.kafka.KafkaConsumerV2] [55] [pool-11-thread-4]: inside_initialize_batch::false 
[2017-01-31 11:29:41,709] INFO   [com.snapdeal.monetization.base.queue.consumer.kafka.KafkaConsumer] [71] [localhost-startStop-1]: inside_initialize_batch::false 
[2017-01-31 11:29:41,918] INFO   [com.snapdeal.monetization.base.queue.producer.kafka.KafkaProducerV2] [66] [localhost-startStop-1]: zookeeper string 10.41.57.90:2181 
[2017-01-31 11:29:42,065] INFO   [com.snapdeal.monetization.base.queue.producer.kafka.KafkaProducerV2] [69] [localhost-startStop-1]: broker IPs are 10.41.57.90:9092 
[2017-01-31 11:29:42,139] INFO   [com.snapdeal.monetization.base.queue.producer.kafka.KafkaProducerV2] [87] [localhost-startStop-1]: Initialized Kafka Producer with properties {retry.backoff.ms=500, bootstrap.servers=[10.41.57.90:9092], retries=5, client.id=mtz-sfcb, linger.ms=100, max.in.flight.requests.per.connection=1, timeout.ms=10000, compression.type=none, acks=all} 
[2017-01-31 11:29:42,677] INFO   [com.snapdeal.monetization.base.queue.consumer.kafka.KafkaConsumerV2] [87] [localhost-startStop-1]: Inside consume. 
[2017-01-31 11:29:42,677] INFO   [com.snapdeal.monetization.base.queue.consumer.kafka.KafkaConsumerV2] [55] [localhost-startStop-1]: inside_initialize_batch::false 
[2017-01-31 11:29:42,902] INFO   [com.snapdeal.monetization.base.queue.consumer.kafka.KafkaConsumerV2] [87] [localhost-startStop-1]: Inside consume. 
[2017-01-31 11:29:42,903] INFO   [com.snapdeal.monetization.base.queue.consumer.kafka.KafkaConsumerV2] [55] [localhost-startStop-1]: inside_initialize_batch::false 
[2017-01-31 11:30:57,391] WARN   [com.snapdeal.monetization.base.aerospike.config.impl.AerospikeConfigurationsImpl] [265] [localhost-startStop-1]: Failed to parse property: ERROR 
[2017-01-31 11:30:57,395] WARN   [com.snapdeal.monetization.base.aerospike.config.impl.AerospikeConfigurationsImpl] [265] [localhost-startStop-1]: Failed to parse property: writePolicy.generationPolicy:ERROR 
[2017-01-31 11:30:57,395] WARN   [com.snapdeal.monetization.base.aerospike.config.impl.AerospikeConfigurationsImpl] [265] [localhost-startStop-1]: Failed to parse property: ERROR 
[2017-01-31 11:30:57,396] WARN   [com.snapdeal.monetization.base.aerospike.config.impl.AerospikeConfigurationsImpl] [265] [localhost-startStop-1]: Failed to parse property: ERROR 
[2017-01-31 11:30:57,396] WARN   [com.snapdeal.monetization.base.aerospike.config.impl.AerospikeConfigurationsImpl] [265] [localhost-startStop-1]: Failed to parse property: ERROR 
[2017-01-31 11:30:57,467] WARN   [com.snapdeal.monetization.base.aerospike.config.impl.AerospikeConfigurationsImpl] [265] [localhost-startStop-1]: Failed to parse property: ERROR 
[2017-01-31 11:30:57,468] WARN   [com.snapdeal.monetization.base.aerospike.config.impl.AerospikeConfigurationsImpl] [265] [localhost-startStop-1]: Failed to parse property: writePolicy.generationPolicy:ERROR 
[2017-01-31 11:30:57,468] WARN   [com.snapdeal.monetization.base.aerospike.config.impl.AerospikeConfigurationsImpl] [265] [localhost-startStop-1]: Failed to parse property: ERROR 
[2017-01-31 11:30:57,469] WARN   [com.snapdeal.monetization.base.aerospike.config.impl.AerospikeConfigurationsImpl] [265] [localhost-startStop-1]: Failed to parse property: ERROR 
[2017-01-31 11:30:57,469] WARN   [com.snapdeal.monetization.base.aerospike.config.impl.AerospikeConfigurationsImpl] [265] [localhost-startStop-1]: Failed to parse property: ERROR 
[2017-01-31 11:30:59,061] INFO   [com.snapdeal.monetization.base.queue.consumer.impl.MonetizationQueueConsumerImpl] [155] [localhost-startStop-1]: Inside _consume_function 
[2017-01-31 11:30:59,063] INFO   [com.snapdeal.monetization.base.queue.consumer.impl.MonetizationQueueConsumerImpl] [167] [localhost-startStop-1]: Topic:::mtz_pa_supcvendor_updates 
[2017-01-31 11:30:59,065] INFO   [com.snapdeal.monetization.base.queue.consumer.impl.MonetizationQueueConsumerImpl] [155] [localhost-startStop-1]: Inside _consume_function 
[2017-01-31 11:30:59,066] INFO   [com.snapdeal.monetization.base.queue.consumer.impl.MonetizationQueueConsumerImpl] [167] [localhost-startStop-1]: Topic:::monetization_pricesimulator_categorychange 
[2017-01-31 11:30:59,123] INFO   [com.snapdeal.monetization.base.queue.consumer.kafka.KafkaConsumerV2] [87] [pool-11-thread-1]: Inside consume. 
[2017-01-31 11:30:59,131] INFO   [com.snapdeal.monetization.base.queue.consumer.kafka.KafkaConsumerV2] [55] [pool-11-thread-1]: inside_initialize_batch::false 
[2017-01-31 11:30:59,128] INFO   [com.snapdeal.monetization.base.queue.consumer.kafka.KafkaConsumerV2] [87] [pool-11-thread-2]: Inside consume. 
[2017-01-31 11:30:59,134] INFO   [com.snapdeal.monetization.base.queue.consumer.kafka.KafkaConsumerV2] [55] [pool-11-thread-2]: inside_initialize_batch::false 
[2017-01-31 11:31:02,635] INFO   [com.snapdeal.monetization.base.queue.consumer.impl.MonetizationQueueConsumerImpl] [155] [localhost-startStop-1]: Inside _consume_function 
[2017-01-31 11:31:02,637] INFO   [com.snapdeal.monetization.base.queue.consumer.impl.MonetizationQueueConsumerImpl] [167] [localhost-startStop-1]: Topic:::mtz_subcat_supc_process_event 
[2017-01-31 11:31:02,642] INFO   [com.snapdeal.monetization.base.queue.consumer.kafka.KafkaConsumerV2] [87] [pool-11-thread-3]: Inside consume. 
[2017-01-31 11:31:02,643] INFO   [com.snapdeal.monetization.base.queue.consumer.kafka.KafkaConsumerV2] [55] [pool-11-thread-3]: inside_initialize_batch::false 
[2017-01-31 11:31:02,728] INFO   [com.snapdeal.monetization.base.queue.consumer.kafka.KafkaConsumer] [71] [localhost-startStop-1]: inside_initialize_batch::false 
[2017-01-31 11:31:03,341] INFO   [com.snapdeal.monetization.base.queue.consumer.kafka.KafkaConsumer] [71] [localhost-startStop-1]: inside_initialize_batch::false 
[2017-01-31 11:31:03,548] INFO   [com.snapdeal.monetization.base.queue.consumer.impl.MonetizationQueueConsumerImpl] [155] [localhost-startStop-1]: Inside _consume_function 
[2017-01-31 11:31:03,549] INFO   [com.snapdeal.monetization.base.queue.consumer.impl.MonetizationQueueConsumerImpl] [167] [localhost-startStop-1]: Topic:::mtz_subcat_supc_process_event 
[2017-01-31 11:31:03,551] INFO   [com.snapdeal.monetization.base.queue.consumer.kafka.KafkaConsumer] [71] [localhost-startStop-1]: inside_initialize_batch::false 
[2017-01-31 11:31:03,554] INFO   [com.snapdeal.monetization.base.queue.consumer.kafka.KafkaConsumerV2] [87] [pool-11-thread-4]: Inside consume. 
[2017-01-31 11:31:03,554] INFO   [com.snapdeal.monetization.base.queue.consumer.kafka.KafkaConsumerV2] [55] [pool-11-thread-4]: inside_initialize_batch::false 
[2017-01-31 11:31:03,775] INFO   [com.snapdeal.monetization.base.queue.producer.kafka.KafkaProducerV2] [66] [localhost-startStop-1]: zookeeper string 10.41.57.90:2181 
[2017-01-31 11:31:03,913] INFO   [com.snapdeal.monetization.base.queue.producer.kafka.KafkaProducerV2] [69] [localhost-startStop-1]: broker IPs are 10.41.57.90:9092 
[2017-01-31 11:31:04,013] INFO   [com.snapdeal.monetization.base.queue.producer.kafka.KafkaProducerV2] [87] [localhost-startStop-1]: Initialized Kafka Producer with properties {retry.backoff.ms=500, bootstrap.servers=[10.41.57.90:9092], retries=5, client.id=mtz-sfcb, linger.ms=100, max.in.flight.requests.per.connection=1, timeout.ms=10000, compression.type=none, acks=all} 
[2017-01-31 11:31:04,495] INFO   [com.snapdeal.monetization.base.queue.consumer.kafka.KafkaConsumerV2] [87] [localhost-startStop-1]: Inside consume. 
[2017-01-31 11:31:04,495] INFO   [com.snapdeal.monetization.base.queue.consumer.kafka.KafkaConsumerV2] [55] [localhost-startStop-1]: inside_initialize_batch::false 
[2017-01-31 11:31:04,639] INFO   [com.snapdeal.monetization.base.queue.consumer.kafka.KafkaConsumerV2] [87] [localhost-startStop-1]: Inside consume. 
[2017-01-31 11:31:04,640] INFO   [com.snapdeal.monetization.base.queue.consumer.kafka.KafkaConsumerV2] [55] [localhost-startStop-1]: inside_initialize_batch::false 
[2017-01-31 11:31:44,495] INFO   [com.snapdeal.monetization.base.velocityEngine.impl.VelocityEngineServiceImpl] [51] [http-bio-8080-exec-11]: Replacing placeholder key: MTZBudget 
[2017-01-31 11:31:44,507] INFO   [com.snapdeal.monetization.base.velocityEngine.impl.VelocityEngineServiceImpl] [51] [http-bio-8080-exec-11]: Replacing placeholder key: RuleApprover 
[2017-01-31 11:31:44,508] INFO   [com.snapdeal.monetization.base.velocityEngine.impl.VelocityEngineServiceImpl] [51] [http-bio-8080-exec-11]: Replacing placeholder key: RuleTrackingId 
[2017-01-31 11:31:44,508] INFO   [com.snapdeal.monetization.base.velocityEngine.impl.VelocityEngineServiceImpl] [51] [http-bio-8080-exec-11]: Replacing placeholder key: RuleStartTime 
[2017-01-31 11:31:44,509] INFO   [com.snapdeal.monetization.base.velocityEngine.impl.VelocityEngineServiceImpl] [51] [http-bio-8080-exec-11]: Replacing placeholder key: RuleId 
[2017-01-31 11:31:44,509] INFO   [com.snapdeal.monetization.base.velocityEngine.impl.VelocityEngineServiceImpl] [51] [http-bio-8080-exec-11]: Replacing placeholder key: RuleRo 
[2017-01-31 11:31:44,509] INFO   [com.snapdeal.monetization.base.velocityEngine.impl.VelocityEngineServiceImpl] [51] [http-bio-8080-exec-11]: Replacing placeholder key: RuleCreatedBy 
[2017-01-31 11:31:44,510] INFO   [com.snapdeal.monetization.base.velocityEngine.impl.VelocityEngineServiceImpl] [51] [http-bio-8080-exec-11]: Replacing placeholder key: RuleType 
[2017-01-31 11:31:44,510] INFO   [com.snapdeal.monetization.base.velocityEngine.impl.VelocityEngineServiceImpl] [51] [http-bio-8080-exec-11]: Replacing placeholder key: RuleSaleTarget 
[2017-01-31 11:31:44,510] INFO   [com.snapdeal.monetization.base.velocityEngine.impl.VelocityEngineServiceImpl] [51] [http-bio-8080-exec-11]: Replacing placeholder key: RuleGSVTarget 
[2017-01-31 11:31:44,510] INFO   [com.snapdeal.monetization.base.velocityEngine.impl.VelocityEngineServiceImpl] [51] [http-bio-8080-exec-11]: Replacing placeholder key: RuleName 
[2017-01-31 11:31:44,511] INFO   [com.snapdeal.monetization.base.velocityEngine.impl.VelocityEngineServiceImpl] [51] [http-bio-8080-exec-11]: Replacing placeholder key: RuleEndTime 
[2017-01-31 11:31:44,515] INFO   [com.snapdeal.monetization.base.velocityEngine.impl.VelocityEngineServiceImpl] [57] [http-bio-8080-exec-11]: Replaced all placeholders successfully 
[2017-01-31 11:32:10,194] INFO   [com.snapdeal.monetization.base.queue.consumer.kafka.KafkaConsumerV2] [123] [kafka-consumer-1]: kafka message found!!! 1485842434439, BudetRuleJobTo [keyName=APPLY-20-SV, groupName=DEFAULT, jobDataMap={action=APPLY}] 
[2017-01-31 11:39:23,169] INFO   [com.snapdeal.monetization.base.queue.producer.kafka.KafkaProducerV2] [66] [QuartzScheduler_Worker-1]: zookeeper string 10.41.57.90:2181 
[2017-01-31 11:39:23,193] INFO   [com.snapdeal.monetization.base.queue.producer.kafka.KafkaProducerV2] [69] [QuartzScheduler_Worker-1]: broker IPs are 10.41.57.90:9092 
[2017-01-31 11:39:23,207] INFO   [com.snapdeal.monetization.base.queue.producer.kafka.KafkaProducerV2] [87] [QuartzScheduler_Worker-1]: Initialized Kafka Producer with properties {retries=2, bootstrap.servers=[10.41.57.90:9092], acks=all, retry.backoff.ms=1000, compression.type=none} 
[2017-01-31 11:39:25,235] INFO   [com.snapdeal.monetization.base.queue.consumer.kafka.KafkaConsumerV2] [123] [kafka-consumer-1]: kafka message found!!! 1485842963208, BudetRuleJobTo [keyName=REMOVE-16-SV, groupName=DEFAULT, jobDataMap={action=REMOVE}] 
[2017-01-31 11:39:25,238] INFO   [com.snapdeal.monetization.base.queue.producer.kafka.KafkaProducerV2] [105] [QuartzScheduler_Worker-1]: Kafka key 1485842963208 produced at topic-partition-offset::mtz_budget_job_event - 0 - 89 , value:: BudetRuleJobTo [keyName=REMOVE-16-SV, groupName=DEFAULT, jobDataMap={action=REMOVE}] 
[2017-01-31 11:39:25,241] ERROR  [com.snapdeal.monetization.base.queue.consumer.kafka.KafkaConsumerV2] [127] [kafka-consumer-1]: Error in getting stream messages  
java.lang.NullPointerException
	at com.snapdeal.monetization.budget.dao.BudgetRuleDao.getSupcVenorBudgetRuleById(BudgetRuleDao.java:158)
	at com.snapdeal.monetization.budget.service.BudgetRuleService.getSupcVenorBudgetRuleById(BudgetRuleService.java:88)
	at com.snapdeal.monetization.budget.service.BudgetRuleService$$FastClassBySpringCGLIB$$261d5f6c.invoke(<generated>)
	at org.springframework.cglib.proxy.MethodProxy.invoke(MethodProxy.java:204)
	at org.springframework.aop.framework.CglibAopProxy$DynamicAdvisedInterceptor.intercept(CglibAopProxy.java:649)
	at com.snapdeal.monetization.budget.service.BudgetRuleService$$EnhancerBySpringCGLIB$$81386247.getSupcVenorBudgetRuleById(<generated>)
	at com.snapdeal.monetization.budget.service.BudgetRuleJobEventHandler.removeRule(BudgetRuleJobEventHandler.java:116)
	at com.snapdeal.monetization.budget.service.BudgetRuleJobEventHandler.handleEvent(BudgetRuleJobEventHandler.java:68)
	at com.snapdeal.monetization.budget.service.BudgetRuleJobEventHandler.handleEvent(BudgetRuleJobEventHandler.java:30)
	at com.snapdeal.monetization.base.queue.consumer.kafka.KafkaConsumerV2$2.run(KafkaConsumerV2.java:124)
	at java.util.concurrent.Executors$RunnableAdapter.call(Executors.java:511)
	at java.util.concurrent.FutureTask.run(FutureTask.java:266)
	at java.util.concurrent.ThreadPoolExecutor.runWorker(ThreadPoolExecutor.java:1142)
	at java.util.concurrent.ThreadPoolExecutor$Worker.run(ThreadPoolExecutor.java:617)
	at java.lang.Thread.run(Thread.java:745)
[2017-01-31 12:58:15,414] INFO   [com.snapdeal.monetization.base.queue.consumer.kafka.KafkaConsumerV2] [149] [ContainerBackgroundProcessor[StandardEngine[Catalina]]]: Waiting for 10 seconds before invoking consumer shutdown, allowing consumer threads to complete. 
[2017-02-01 13:34:28,174] WARN   [com.snapdeal.monetization.base.aerospike.config.impl.AerospikeConfigurationsImpl] [265] [localhost-startStop-1]: Failed to parse property: ERROR 
[2017-02-01 13:34:28,205] WARN   [com.snapdeal.monetization.base.aerospike.config.impl.AerospikeConfigurationsImpl] [265] [localhost-startStop-1]: Failed to parse property: writePolicy.generationPolicy:ERROR 
[2017-02-01 13:34:28,206] WARN   [com.snapdeal.monetization.base.aerospike.config.impl.AerospikeConfigurationsImpl] [265] [localhost-startStop-1]: Failed to parse property: ERROR 
[2017-02-01 13:34:28,207] WARN   [com.snapdeal.monetization.base.aerospike.config.impl.AerospikeConfigurationsImpl] [265] [localhost-startStop-1]: Failed to parse property: ERROR 
[2017-02-01 13:34:28,208] WARN   [com.snapdeal.monetization.base.aerospike.config.impl.AerospikeConfigurationsImpl] [265] [localhost-startStop-1]: Failed to parse property: ERROR 
[2017-02-01 13:34:28,294] WARN   [com.snapdeal.monetization.base.aerospike.config.impl.AerospikeConfigurationsImpl] [265] [localhost-startStop-1]: Failed to parse property: ERROR 
[2017-02-01 13:34:28,294] WARN   [com.snapdeal.monetization.base.aerospike.config.impl.AerospikeConfigurationsImpl] [265] [localhost-startStop-1]: Failed to parse property: writePolicy.generationPolicy:ERROR 
[2017-02-01 13:34:28,295] WARN   [com.snapdeal.monetization.base.aerospike.config.impl.AerospikeConfigurationsImpl] [265] [localhost-startStop-1]: Failed to parse property: ERROR 
[2017-02-01 13:34:28,296] WARN   [com.snapdeal.monetization.base.aerospike.config.impl.AerospikeConfigurationsImpl] [265] [localhost-startStop-1]: Failed to parse property: ERROR 
[2017-02-01 13:34:28,297] WARN   [com.snapdeal.monetization.base.aerospike.config.impl.AerospikeConfigurationsImpl] [265] [localhost-startStop-1]: Failed to parse property: ERROR 
[2017-02-01 14:51:28,839] WARN   [com.snapdeal.monetization.base.aerospike.config.impl.AerospikeConfigurationsImpl] [265] [localhost-startStop-1]: Failed to parse property: ERROR 
[2017-02-01 14:51:28,843] WARN   [com.snapdeal.monetization.base.aerospike.config.impl.AerospikeConfigurationsImpl] [265] [localhost-startStop-1]: Failed to parse property: writePolicy.generationPolicy:ERROR 
[2017-02-01 14:51:28,844] WARN   [com.snapdeal.monetization.base.aerospike.config.impl.AerospikeConfigurationsImpl] [265] [localhost-startStop-1]: Failed to parse property: ERROR 
[2017-02-01 14:51:28,844] WARN   [com.snapdeal.monetization.base.aerospike.config.impl.AerospikeConfigurationsImpl] [265] [localhost-startStop-1]: Failed to parse property: ERROR 
[2017-02-01 14:51:28,844] WARN   [com.snapdeal.monetization.base.aerospike.config.impl.AerospikeConfigurationsImpl] [265] [localhost-startStop-1]: Failed to parse property: ERROR 
[2017-02-01 14:51:28,903] WARN   [com.snapdeal.monetization.base.aerospike.config.impl.AerospikeConfigurationsImpl] [265] [localhost-startStop-1]: Failed to parse property: ERROR 
[2017-02-01 14:51:28,904] WARN   [com.snapdeal.monetization.base.aerospike.config.impl.AerospikeConfigurationsImpl] [265] [localhost-startStop-1]: Failed to parse property: writePolicy.generationPolicy:ERROR 
[2017-02-01 14:51:28,904] WARN   [com.snapdeal.monetization.base.aerospike.config.impl.AerospikeConfigurationsImpl] [265] [localhost-startStop-1]: Failed to parse property: ERROR 
[2017-02-01 14:51:28,904] WARN   [com.snapdeal.monetization.base.aerospike.config.impl.AerospikeConfigurationsImpl] [265] [localhost-startStop-1]: Failed to parse property: ERROR 
[2017-02-01 14:51:28,904] WARN   [com.snapdeal.monetization.base.aerospike.config.impl.AerospikeConfigurationsImpl] [265] [localhost-startStop-1]: Failed to parse property: ERROR 
[2017-02-01 14:51:30,272] INFO   [com.snapdeal.monetization.base.queue.consumer.impl.MonetizationQueueConsumerImpl] [155] [localhost-startStop-1]: Inside _consume_function 
[2017-02-01 14:51:30,274] INFO   [com.snapdeal.monetization.base.queue.consumer.impl.MonetizationQueueConsumerImpl] [167] [localhost-startStop-1]: Topic:::mtz_pa_supcvendor_updates 
[2017-02-01 14:51:30,276] INFO   [com.snapdeal.monetization.base.queue.consumer.impl.MonetizationQueueConsumerImpl] [155] [localhost-startStop-1]: Inside _consume_function 
[2017-02-01 14:51:30,276] INFO   [com.snapdeal.monetization.base.queue.consumer.impl.MonetizationQueueConsumerImpl] [167] [localhost-startStop-1]: Topic:::monetization_pricesimulator_categorychange 
[2017-02-01 14:51:30,299] INFO   [com.snapdeal.monetization.base.queue.consumer.kafka.KafkaConsumerV2] [87] [pool-11-thread-1]: Inside consume. 
[2017-02-01 14:51:30,312] INFO   [com.snapdeal.monetization.base.queue.consumer.kafka.KafkaConsumerV2] [87] [pool-11-thread-2]: Inside consume. 
[2017-02-01 14:51:30,313] INFO   [com.snapdeal.monetization.base.queue.consumer.kafka.KafkaConsumerV2] [55] [pool-11-thread-2]: inside_initialize_batch::false 
[2017-02-01 14:51:30,317] INFO   [com.snapdeal.monetization.base.queue.consumer.kafka.KafkaConsumerV2] [55] [pool-11-thread-1]: inside_initialize_batch::false 
[2017-02-01 14:51:32,842] INFO   [com.snapdeal.monetization.base.queue.consumer.impl.MonetizationQueueConsumerImpl] [155] [localhost-startStop-1]: Inside _consume_function 
[2017-02-01 14:51:32,842] INFO   [com.snapdeal.monetization.base.queue.consumer.impl.MonetizationQueueConsumerImpl] [167] [localhost-startStop-1]: Topic:::mtz_subcat_supc_process_event 
[2017-02-01 14:51:32,843] INFO   [com.snapdeal.monetization.base.queue.consumer.kafka.KafkaConsumerV2] [87] [pool-11-thread-3]: Inside consume. 
[2017-02-01 14:51:32,843] INFO   [com.snapdeal.monetization.base.queue.consumer.kafka.KafkaConsumerV2] [55] [pool-11-thread-3]: inside_initialize_batch::false 
[2017-02-01 14:51:32,900] INFO   [com.snapdeal.monetization.base.queue.consumer.kafka.KafkaConsumer] [71] [localhost-startStop-1]: inside_initialize_batch::false 
[2017-02-01 14:51:33,358] INFO   [com.snapdeal.monetization.base.queue.consumer.kafka.KafkaConsumer] [71] [localhost-startStop-1]: inside_initialize_batch::false 
[2017-02-01 14:51:33,449] INFO   [com.snapdeal.monetization.base.queue.consumer.impl.MonetizationQueueConsumerImpl] [155] [localhost-startStop-1]: Inside _consume_function 
[2017-02-01 14:51:33,449] INFO   [com.snapdeal.monetization.base.queue.consumer.impl.MonetizationQueueConsumerImpl] [167] [localhost-startStop-1]: Topic:::mtz_subcat_supc_process_event 
[2017-02-01 14:51:33,450] INFO   [com.snapdeal.monetization.base.queue.consumer.kafka.KafkaConsumerV2] [87] [pool-11-thread-4]: Inside consume. 
[2017-02-01 14:51:33,450] INFO   [com.snapdeal.monetization.base.queue.consumer.kafka.KafkaConsumerV2] [55] [pool-11-thread-4]: inside_initialize_batch::false 
[2017-02-01 14:51:33,451] INFO   [com.snapdeal.monetization.base.queue.consumer.kafka.KafkaConsumer] [71] [localhost-startStop-1]: inside_initialize_batch::false 
[2017-02-01 14:51:33,575] INFO   [com.snapdeal.monetization.base.queue.producer.kafka.KafkaProducerV2] [66] [localhost-startStop-1]: zookeeper string 10.41.57.90:2181 
[2017-02-01 14:51:33,652] INFO   [com.snapdeal.monetization.base.queue.producer.kafka.KafkaProducerV2] [69] [localhost-startStop-1]: broker IPs are 10.41.57.90:9092 
[2017-02-01 14:51:33,713] INFO   [com.snapdeal.monetization.base.queue.producer.kafka.KafkaProducerV2] [87] [localhost-startStop-1]: Initialized Kafka Producer with properties {retry.backoff.ms=500, bootstrap.servers=[10.41.57.90:9092], retries=5, client.id=mtz-sfcb, linger.ms=100, max.in.flight.requests.per.connection=1, timeout.ms=10000, compression.type=none, acks=all} 
[2017-02-01 14:51:34,250] INFO   [com.snapdeal.monetization.base.queue.consumer.kafka.KafkaConsumerV2] [87] [localhost-startStop-1]: Inside consume. 
[2017-02-01 14:51:34,251] INFO   [com.snapdeal.monetization.base.queue.consumer.kafka.KafkaConsumerV2] [55] [localhost-startStop-1]: inside_initialize_batch::false 
[2017-02-01 14:51:34,374] INFO   [com.snapdeal.monetization.base.queue.consumer.kafka.KafkaConsumerV2] [87] [localhost-startStop-1]: Inside consume. 
[2017-02-01 14:51:34,375] INFO   [com.snapdeal.monetization.base.queue.consumer.kafka.KafkaConsumerV2] [55] [localhost-startStop-1]: inside_initialize_batch::false 
